#
# A fatal error has been detected by the Java Runtime Environment:
#
#  EXCEPTION_ACCESS_VIOLATION (0xc0000005) at pc=0x0000000056d090b9, pid=6536, tid=15876
#
# JRE version: Java(TM) SE Runtime Environment (8.0_11-b12) (build 1.8.0_11-b12)
# Java VM: Java HotSpot(TM) 64-Bit Server VM (25.11-b03 mixed mode windows-amd64 compressed oops)
# Problematic frame:
# C  [nvoglv64.DLL+0xec90b9]
#
# Failed to write core dump. Minidumps are not enabled by default on client versions of Windows
#
# If you would like to submit a bug report, please visit:
#   http://bugreport.sun.com/bugreport/crash.jsp
# The crash happened outside the Java Virtual Machine in native code.
# See problematic frame for where to report the bug.
#

---------------  T H R E A D  ---------------

Current thread (0x000000000215e800):  JavaThread "main" [_thread_in_native, id=15876, stack(0x0000000001fd0000,0x00000000020d0000)]

siginfo: ExceptionCode=0xc0000005, reading address 0x0000000000000000

Registers:
RAX=0x0000000000000018, RBX=0x000000001b7f0d68, RCX=0x0000000000000018, RDX=0xffffffffe480f27c
RSP=0x00000000020ce7e8, RBP=0x0000000000000000, RSI=0x0000000000000000, RDI=0x000000001b7f0d84
R8 =0x0000000000000018, R9 =0x000000001b7f0d68, R10=0x0000000000000000, R11=0x000000001b7f0d84
R12=0x0000000000001405, R13=0x0000000000000018, R14=0x0000000000000006, R15=0x0000000000000004
RIP=0x0000000056d090b9, EFLAGS=0x0000000000010217

Top of Stack: (sp=0x00000000020ce7e8)
0x00000000020ce7e8:   0000000000000044 000000001a738080
0x00000000020ce7f8:   000000005652935f 000000000215a2b0
0x00000000020ce808:   0000000057dab106 00000000020cf0c8
0x00000000020ce818:   0000000002162090 00000000000003d8
0x00000000020ce828:   00000000021620a0 0000000016cf96f0
0x00000000020ce838:   000000000215e800 0000000016cf96f0
0x00000000020ce848:   000000000215e800 0000000000000015
0x00000000020ce858:   0000000002275040 000000000215e800
0x00000000020ce868:   00000000020ce980 0000000000000000
0x00000000020ce878:   0000000000000015 00000000020ce930
0x00000000020ce888:   00000000022751ae 0000000000000110
0x00000000020ce898:   00000000020ce900 0000000016cf96f0
0x00000000020ce8a8:   0000000016cf96f0 0000000000001405
0x00000000020ce8b8:   0000000000000000 0000000056771350
0x00000000020ce8c8:   0000000016cf96f0 0000000000000110
0x00000000020ce8d8:   000000000215e800 00000000020cea08 

Instructions: (pc=0x0000000056d090b9)
0x0000000056d09099:   03 c0 48 3b c8 0f 8c 46 03 00 00 0f ba 25 dc 5f
0x0000000056d090a9:   db 00 01 73 13 57 56 48 8b f9 49 8b f2 49 8b c8
0x0000000056d090b9:   f3 a4 5e 5f 49 8b c3 c3 f6 c1 07 74 36 f6 c1 01
0x0000000056d090c9:   74 0b 8a 04 0a 49 ff c8 88 01 48 ff c1 f6 c1 02 


Register to memory mapping:

RAX=0x0000000000000018 is an unknown value
RBX=0x000000001b7f0d68 is an unknown value
RCX=0x0000000000000018 is an unknown value
RDX=0xffffffffe480f27c is an unknown value
RSP=0x00000000020ce7e8 is pointing into the stack for thread: 0x000000000215e800
RBP=0x0000000000000000 is an unknown value
RSI=0x0000000000000000 is an unknown value
RDI=0x000000001b7f0d84 is an unknown value
R8 =0x0000000000000018 is an unknown value
R9 =0x000000001b7f0d68 is an unknown value
R10=0x0000000000000000 is an unknown value
R11=0x000000001b7f0d84 is an unknown value
R12=0x0000000000001405 is an unknown value
R13=0x0000000000000018 is an unknown value
R14=0x0000000000000006 is an unknown value
R15=0x0000000000000004 is an unknown value


Stack: [0x0000000001fd0000,0x00000000020d0000],  sp=0x00000000020ce7e8,  free space=1017k
Native frames: (J=compiled Java code, j=interpreted, Vv=VM code, C=native code)

Java frames: (J=compiled Java code, j=interpreted, Vv=VM code)
j  org.lwjgl.opengl.GL11.nglDrawElements(IIIJJ)V+0
j  org.lwjgl.opengl.GL11.nglDrawElements(IIIJ)V+26
j  org.lwjgl.opengl.GL11.glDrawElements(IIIJ)V+17
j  framework.graphics.opengl.VAO.draw()V+16
j  framework.graphics.Mesh.draw()V+4
j  game.components.SpriteComponent.render(I)V+18
j  game.Scene.lambda$render$1(ILframework/scene/components/RenderComponent;)V+2
j  game.Scene$$Lambda$8.accept(Ljava/lang/Object;)V+8
j  java.util.ArrayList.forEach(Ljava/util/function/Consumer;)V+47
j  game.Scene.render(I)V+42
j  game.GameScreen.update(I)V+5
j  framework.Game.update(I)V+5
j  framework.Application.start()V+63
j  game.Main.main([Ljava/lang/String;)V+24
v  ~StubRoutines::call_stub
j  sun.reflect.NativeMethodAccessorImpl.invoke0(Ljava/lang/reflect/Method;Ljava/lang/Object;[Ljava/lang/Object;)Ljava/lang/Object;+0
j  sun.reflect.NativeMethodAccessorImpl.invoke(Ljava/lang/Object;[Ljava/lang/Object;)Ljava/lang/Object;+100
j  sun.reflect.DelegatingMethodAccessorImpl.invoke(Ljava/lang/Object;[Ljava/lang/Object;)Ljava/lang/Object;+6
j  java.lang.reflect.Method.invoke(Ljava/lang/Object;[Ljava/lang/Object;)Ljava/lang/Object;+56
j  com.intellij.rt.execution.application.AppMain.main([Ljava/lang/String;)V+163
v  ~StubRoutines::call_stub

---------------  P R O C E S S  ---------------

Java Threads: ( => current thread )
  0x00000000193ae800 JavaThread "Monitor Ctrl-Break" daemon [_thread_in_native, id=4256, stack(0x0000000019e40000,0x0000000019f40000)]
  0x00000000192f8000 JavaThread "Service Thread" daemon [_thread_blocked, id=16272, stack(0x0000000019c40000,0x0000000019d40000)]
  0x0000000019276800 JavaThread "C1 CompilerThread3" daemon [_thread_blocked, id=524, stack(0x0000000019b40000,0x0000000019c40000)]
  0x0000000019273800 JavaThread "C2 CompilerThread2" daemon [_thread_blocked, id=5036, stack(0x0000000019a40000,0x0000000019b40000)]
  0x000000001926c000 JavaThread "C2 CompilerThread1" daemon [_thread_blocked, id=6956, stack(0x0000000019940000,0x0000000019a40000)]
  0x000000001926a000 JavaThread "C2 CompilerThread0" daemon [_thread_blocked, id=16136, stack(0x0000000019840000,0x0000000019940000)]
  0x0000000019265000 JavaThread "Attach Listener" daemon [_thread_blocked, id=13112, stack(0x0000000019740000,0x0000000019840000)]
  0x0000000019263800 JavaThread "Signal Dispatcher" daemon [_thread_blocked, id=11132, stack(0x0000000019640000,0x0000000019740000)]
  0x0000000002259000 JavaThread "Finalizer" daemon [_thread_blocked, id=14016, stack(0x0000000019140000,0x0000000019240000)]
  0x000000001725c000 JavaThread "Reference Handler" daemon [_thread_blocked, id=14028, stack(0x0000000019040000,0x0000000019140000)]
=>0x000000000215e800 JavaThread "main" [_thread_in_native, id=15876, stack(0x0000000001fd0000,0x00000000020d0000)]

Other Threads:
  0x0000000017257000 VMThread [stack: 0x0000000018f40000,0x0000000019040000] [id=14012]
  0x00000000192fa000 WatcherThread [stack: 0x0000000019d40000,0x0000000019e40000] [id=10104]

VM state:not at safepoint (normal execution)

VM Mutex/Monitor currently owned by a thread: None

Heap:
 PSYoungGen      total 5632K, used 3270K [0x00000000d5980000, 0x00000000d6580000, 0x0000000100000000)
  eden space 4096K, 43% used [0x00000000d5980000,0x00000000d5b3d658,0x00000000d5d80000)
  from space 1536K, 96% used [0x00000000d5d80000,0x00000000d5ef4450,0x00000000d5f00000)
  to   space 2048K, 0% used [0x00000000d6380000,0x00000000d6380000,0x00000000d6580000)
 ParOldGen       total 129536K, used 1478K [0x0000000080c00000, 0x0000000088a80000, 0x00000000d5980000)
  object space 129536K, 1% used [0x0000000080c00000,0x0000000080d71bf8,0x0000000088a80000)
 Metaspace       used 7895K, capacity 8292K, committed 8448K, reserved 1056768K
  class space    used 665K, capacity 706K, committed 768K, reserved 1048576K

Card table byte_map: [0x0000000011620000,0x0000000011a20000] byte_map_base: 0x000000001121a000

Marking Bits: (ParMarkBitMap*) 0x00000000584b12b0
 Begin Bits: [0x00000000124d0000, 0x00000000144a0000)
 End Bits:   [0x00000000144a0000, 0x0000000016470000)

Polling page: 0x0000000000770000

CodeCache: size=245760Kb used=2411Kb max_used=2422Kb free=243348Kb
 bounds [0x0000000002260000, 0x00000000024d0000, 0x0000000011260000]
 total_blobs=1088 nmethods=547 adapters=455
 compilation: enabled

Compilation events (10 events):
Event: 1.058 Thread 0x0000000019276800  540       3       java.lang.invoke.MethodType::parameterCount (6 bytes)
Event: 1.058 Thread 0x0000000019276800 nmethod 540 0x00000000024b7710 code [0x00000000024b7860, 0x00000000024b79b0]
Event: 1.059 Thread 0x000000001926c000  542       4       jdk.internal.org.objectweb.asm.ByteVector::putUTF8 (423 bytes)
Event: 1.059 Thread 0x0000000019276800  543       3       sun.invoke.util.BytecodeDescriptor::unparseSig (75 bytes)
Event: 1.059 Thread 0x0000000019276800 nmethod 543 0x00000000024b7ed0 code [0x00000000024b8140, 0x00000000024b9108]
Event: 1.066 Thread 0x000000001926c000 nmethod 542 0x00000000024bcf10 code [0x00000000024bd0a0, 0x00000000024bd8f0]
Event: 1.067 Thread 0x0000000019276800  546       3       java.lang.invoke.DirectMethodHandle::internalMemberName (8 bytes)
Event: 1.067 Thread 0x0000000019276800 nmethod 546 0x00000000024bcad0 code [0x00000000024bcc40, 0x00000000024bce70]
Event: 1.067 Thread 0x0000000019276800  547       3       jdk.internal.org.objectweb.asm.ClassWriter::put122 (15 bytes)
Event: 1.067 Thread 0x0000000019276800 nmethod 547 0x00000000024bc650 code [0x00000000024bc7c0, 0x00000000024bc9b8]

GC Heap History (10 events):
Event: 0.132 GC heap before
{Heap before GC invocations=3 (full 0):
 PSYoungGen      total 1536K, used 1520K [0x00000000d5980000, 0x00000000d5b80000, 0x0000000100000000)
  eden space 1024K, 100% used [0x00000000d5980000,0x00000000d5a80000,0x00000000d5a80000)
  from space 512K, 96% used [0x00000000d5b00000,0x00000000d5b7c010,0x00000000d5b80000)
  to   space 512K, 0% used [0x00000000d5a80000,0x00000000d5a80000,0x00000000d5b00000)
 ParOldGen       total 129536K, used 80K [0x0000000080c00000, 0x0000000088a80000, 0x00000000d5980000)
  object space 129536K, 0% used [0x0000000080c00000,0x0000000080c14000,0x0000000088a80000)
 Metaspace       used 3629K, capacity 4728K, committed 4864K, reserved 1056768K
  class space    used 404K, capacity 424K, committed 512K, reserved 1048576K
Event: 0.133 GC heap after
Heap after GC invocations=3 (full 0):
 PSYoungGen      total 1536K, used 496K [0x00000000d5980000, 0x00000000d5c80000, 0x0000000100000000)
  eden space 1024K, 0% used [0x00000000d5980000,0x00000000d5980000,0x00000000d5a80000)
  from space 512K, 96% used [0x00000000d5a80000,0x00000000d5afc010,0x00000000d5b00000)
  to   space 512K, 0% used [0x00000000d5c00000,0x00000000d5c00000,0x00000000d5c80000)
 ParOldGen       total 129536K, used 341K [0x0000000080c00000, 0x0000000088a80000, 0x00000000d5980000)
  object space 129536K, 0% used [0x0000000080c00000,0x0000000080c55710,0x0000000088a80000)
 Metaspace       used 3629K, capacity 4728K, committed 4864K, reserved 1056768K
  class space    used 404K, capacity 424K, committed 512K, reserved 1048576K
}
Event: 0.694 GC heap before
{Heap before GC invocations=4 (full 0):
 PSYoungGen      total 1536K, used 1520K [0x00000000d5980000, 0x00000000d5c80000, 0x0000000100000000)
  eden space 1024K, 100% used [0x00000000d5980000,0x00000000d5a80000,0x00000000d5a80000)
  from space 512K, 96% used [0x00000000d5a80000,0x00000000d5afc010,0x00000000d5b00000)
  to   space 512K, 0% used [0x00000000d5c00000,0x00000000d5c00000,0x00000000d5c80000)
 ParOldGen       total 129536K, used 341K [0x0000000080c00000, 0x0000000088a80000, 0x00000000d5980000)
  object space 129536K, 0% used [0x0000000080c00000,0x0000000080c55710,0x0000000088a80000)
 Metaspace       used 3867K, capacity 4952K, committed 5120K, reserved 1056768K
  class space    used 437K, capacity 456K, committed 512K, reserved 1048576K
Event: 0.695 GC heap after
Heap after GC invocations=4 (full 0):
 PSYoungGen      total 2560K, used 496K [0x00000000d5980000, 0x00000000d5c80000, 0x0000000100000000)
  eden space 2048K, 0% used [0x00000000d5980000,0x00000000d5980000,0x00000000d5b80000)
  from space 512K, 96% used [0x00000000d5c00000,0x00000000d5c7c010,0x00000000d5c80000)
  to   space 512K, 0% used [0x00000000d5b80000,0x00000000d5b80000,0x00000000d5c00000)
 ParOldGen       total 129536K, used 576K [0x0000000080c00000, 0x0000000088a80000, 0x00000000d5980000)
  object space 129536K, 0% used [0x0000000080c00000,0x0000000080c90270,0x0000000088a80000)
 Metaspace       used 3867K, capacity 4952K, committed 5120K, reserved 1056768K
  class space    used 437K, capacity 456K, committed 512K, reserved 1048576K
}
Event: 0.819 GC heap before
{Heap before GC invocations=5 (full 0):
 PSYoungGen      total 2560K, used 2518K [0x00000000d5980000, 0x00000000d5c80000, 0x0000000100000000)
  eden space 2048K, 98% used [0x00000000d5980000,0x00000000d5b79940,0x00000000d5b80000)
  from space 512K, 96% used [0x00000000d5c00000,0x00000000d5c7c010,0x00000000d5c80000)
  to   space 512K, 0% used [0x00000000d5b80000,0x00000000d5b80000,0x00000000d5c00000)
 ParOldGen       total 129536K, used 576K [0x0000000080c00000, 0x0000000088a80000, 0x00000000d5980000)
  object space 129536K, 0% used [0x0000000080c00000,0x0000000080c90270,0x0000000088a80000)
 Metaspace       used 4836K, capacity 5822K, committed 5888K, reserved 1056768K
  class space    used 466K, capacity 494K, committed 512K, reserved 1048576K
Event: 0.820 GC heap after
Heap after GC invocations=5 (full 0):
 PSYoungGen      total 2560K, used 496K [0x00000000d5980000, 0x00000000d6080000, 0x0000000100000000)
  eden space 2048K, 0% used [0x00000000d5980000,0x00000000d5980000,0x00000000d5b80000)
  from space 512K, 96% used [0x00000000d5b80000,0x00000000d5bfc010,0x00000000d5c00000)
  to   space 1536K, 0% used [0x00000000d5f00000,0x00000000d5f00000,0x00000000d6080000)
 ParOldGen       total 129536K, used 1190K [0x0000000080c00000, 0x0000000088a80000, 0x00000000d5980000)
  object space 129536K, 0% used [0x0000000080c00000,0x0000000080d29ba8,0x0000000088a80000)
 Metaspace       used 4836K, capacity 5822K, committed 5888K, reserved 1056768K
  class space    used 466K, capacity 494K, committed 512K, reserved 1048576K
}
Event: 0.868 GC heap before
{Heap before GC invocations=6 (full 0):
 PSYoungGen      total 2560K, used 2544K [0x00000000d5980000, 0x00000000d6080000, 0x0000000100000000)
  eden space 2048K, 100% used [0x00000000d5980000,0x00000000d5b80000,0x00000000d5b80000)
  from space 512K, 96% used [0x00000000d5b80000,0x00000000d5bfc010,0x00000000d5c00000)
  to   space 1536K, 0% used [0x00000000d5f00000,0x00000000d5f00000,0x00000000d6080000)
 ParOldGen       total 129536K, used 1190K [0x0000000080c00000, 0x0000000088a80000, 0x00000000d5980000)
  object space 129536K, 0% used [0x0000000080c00000,0x0000000080d29ba8,0x0000000088a80000)
 Metaspace       used 5579K, capacity 6526K, committed 6656K, reserved 1056768K
  class space    used 490K, capacity 494K, committed 512K, reserved 1048576K
Event: 0.869 GC heap after
Heap after GC invocations=6 (full 0):
 PSYoungGen      total 5632K, used 1088K [0x00000000d5980000, 0x00000000d6080000, 0x0000000100000000)
  eden space 4096K, 0% used [0x00000000d5980000,0x00000000d5980000,0x00000000d5d80000)
  from space 1536K, 70% used [0x00000000d5f00000,0x00000000d6010020,0x00000000d6080000)
  to   space 1536K, 0% used [0x00000000d5d80000,0x00000000d5d80000,0x00000000d5f00000)
 ParOldGen       total 129536K, used 1198K [0x0000000080c00000, 0x0000000088a80000, 0x00000000d5980000)
  object space 129536K, 0% used [0x0000000080c00000,0x0000000080d2bba8,0x0000000088a80000)
 Metaspace       used 5579K, capacity 6526K, committed 6656K, reserved 1056768K
  class space    used 490K, capacity 494K, committed 512K, reserved 1048576K
}
Event: 0.976 GC heap before
{Heap before GC invocations=7 (full 0):
 PSYoungGen      total 5632K, used 5184K [0x00000000d5980000, 0x00000000d6080000, 0x0000000100000000)
  eden space 4096K, 100% used [0x00000000d5980000,0x00000000d5d80000,0x00000000d5d80000)
  from space 1536K, 70% used [0x00000000d5f00000,0x00000000d6010020,0x00000000d6080000)
  to   space 1536K, 0% used [0x00000000d5d80000,0x00000000d5d80000,0x00000000d5f00000)
 ParOldGen       total 129536K, used 1198K [0x0000000080c00000, 0x0000000088a80000, 0x00000000d5980000)
  object space 129536K, 0% used [0x0000000080c00000,0x0000000080d2bba8,0x0000000088a80000)
 Metaspace       used 6971K, capacity 7870K, committed 8064K, reserved 1056768K
  class space    used 547K, capacity 558K, committed 640K, reserved 1048576K
Event: 0.978 GC heap after
Heap after GC invocations=7 (full 0):
 PSYoungGen      total 5632K, used 1489K [0x00000000d5980000, 0x00000000d6580000, 0x0000000100000000)
  eden space 4096K, 0% used [0x00000000d5980000,0x00000000d5980000,0x00000000d5d80000)
  from space 1536K, 96% used [0x00000000d5d80000,0x00000000d5ef4450,0x00000000d5f00000)
  to   space 2048K, 0% used [0x00000000d6380000,0x00000000d6380000,0x00000000d6580000)
 ParOldGen       total 129536K, used 1478K [0x0000000080c00000, 0x0000000088a80000, 0x00000000d5980000)
  object space 129536K, 1% used [0x0000000080c00000,0x0000000080d71bf8,0x0000000088a80000)
 Metaspace       used 6971K, capacity 7870K, committed 8064K, reserved 1056768K
  class space    used 547K, capacity 558K, committed 640K, reserved 1048576K
}

Deoptimization events (0 events):
No events

Internal exceptions (10 events):
Event: 1.050 Thread 0x000000000215e800 Exception <a 'java/security/PrivilegedActionException'> (0x00000000d5afe050) thrown at [C:\re\workspace\8-2-build-windows-amd64-cygwin\jdk8u11\648\hotspot\src\share\vm\prims\jvm.cpp, line 1248]
Event: 1.050 Thread 0x000000000215e800 Exception <a 'java/security/PrivilegedActionException'> (0x00000000d5b01540) thrown at [C:\re\workspace\8-2-build-windows-amd64-cygwin\jdk8u11\648\hotspot\src\share\vm\prims\jvm.cpp, line 1248]
Event: 1.051 Thread 0x000000000215e800 Exception <a 'java/security/PrivilegedActionException'> (0x00000000d5b034f8) thrown at [C:\re\workspace\8-2-build-windows-amd64-cygwin\jdk8u11\648\hotspot\src\share\vm\prims\jvm.cpp, line 1248]
Event: 1.052 Thread 0x000000000215e800 Exception <a 'java/security/PrivilegedActionException'> (0x00000000d5b07c60) thrown at [C:\re\workspace\8-2-build-windows-amd64-cygwin\jdk8u11\648\hotspot\src\share\vm\prims\jvm.cpp, line 1248]
Event: 1.052 Thread 0x000000000215e800 Exception <a 'java/security/PrivilegedActionException'> (0x00000000d5b0ba70) thrown at [C:\re\workspace\8-2-build-windows-amd64-cygwin\jdk8u11\648\hotspot\src\share\vm\prims\jvm.cpp, line 1248]
Event: 1.053 Thread 0x000000000215e800 Exception <a 'java/security/PrivilegedActionException'> (0x00000000d5b0ea98) thrown at [C:\re\workspace\8-2-build-windows-amd64-cygwin\jdk8u11\648\hotspot\src\share\vm\prims\jvm.cpp, line 1248]
Event: 1.053 Thread 0x000000000215e800 Exception <a 'java/security/PrivilegedActionException'> (0x00000000d5b116a8) thrown at [C:\re\workspace\8-2-build-windows-amd64-cygwin\jdk8u11\648\hotspot\src\share\vm\prims\jvm.cpp, line 1248]
Event: 1.054 Thread 0x000000000215e800 Exception <a 'java/security/PrivilegedActionException'> (0x00000000d5b14440) thrown at [C:\re\workspace\8-2-build-windows-amd64-cygwin\jdk8u11\648\hotspot\src\share\vm\prims\jvm.cpp, line 1248]
Event: 1.055 Thread 0x000000000215e800 Exception <a 'java/security/PrivilegedActionException'> (0x00000000d5b18658) thrown at [C:\re\workspace\8-2-build-windows-amd64-cygwin\jdk8u11\648\hotspot\src\share\vm\prims\jvm.cpp, line 1248]
Event: 1.059 Thread 0x000000000215e800 Exception <a 'java/security/PrivilegedActionException'> (0x00000000d5b2c970) thrown at [C:\re\workspace\8-2-build-windows-amd64-cygwin\jdk8u11\648\hotspot\src\share\vm\prims\jvm.cpp, line 1248]

Events (10 events):
Event: 1.058 loading class framework/scene/components/UpdateComponent
Event: 1.058 loading class framework/scene/components/UpdateComponent done
Event: 1.058 loading class framework/scene/components/UpdateComponent
Event: 1.058 loading class framework/scene/components/UpdateComponent done
Event: 1.059 loading class framework/util/RangeUtil
Event: 1.059 loading class framework/util/RangeUtil done
Event: 1.066 loading class framework/scene/components/RenderComponent
Event: 1.066 loading class framework/scene/components/RenderComponent done
Event: 1.066 loading class framework/scene/components/RenderComponent
Event: 1.066 loading class framework/scene/components/RenderComponent done


Dynamic libraries:
0x00007ff78ca30000 - 0x00007ff78ca64000 	C:\Program Files\Java\jdk1.8.0_11\bin\java.exe
0x00007ffef1460000 - 0x00007ffef1606000 	C:\WINDOWS\SYSTEM32\ntdll.dll
0x00007ffef0ce0000 - 0x00007ffef0e1a000 	C:\WINDOWS\system32\KERNEL32.DLL
0x00007ffeee8a0000 - 0x00007ffeee9af000 	C:\WINDOWS\system32\KERNELBASE.dll
0x00007ffeed3f0000 - 0x00007ffeed478000 	C:\WINDOWS\system32\apphelp.dll
0x00007ffeeb570000 - 0x00007ffeeb5bf000 	C:\WINDOWS\AppPatch\AppPatch64\AcGenral.DLL
0x00007ffef12f0000 - 0x00007ffef1397000 	C:\WINDOWS\system32\msvcrt.dll
0x00007ffeee430000 - 0x00007ffeee45b000 	C:\WINDOWS\SYSTEM32\SspiCli.dll
0x00007ffef0c80000 - 0x00007ffef0cd1000 	C:\WINDOWS\system32\SHLWAPI.dll
0x00007ffef0700000 - 0x00007ffef0871000 	C:\WINDOWS\system32\USER32.dll
0x00007ffef1150000 - 0x00007ffef12c8000 	C:\WINDOWS\system32\ole32.dll
0x00007ffeef1a0000 - 0x00007ffef05af000 	C:\WINDOWS\system32\SHELL32.dll
0x00007ffeedda0000 - 0x00007ffeeddbe000 	C:\WINDOWS\SYSTEM32\USERENV.dll
0x00007ffef0a30000 - 0x00007ffef0ad5000 	C:\WINDOWS\system32\ADVAPI32.dll
0x00007ffeea030000 - 0x00007ffeea04b000 	C:\WINDOWS\SYSTEM32\MPR.dll
0x00007ffef0880000 - 0x00007ffef09b7000 	C:\WINDOWS\system32\RPCRT4.dll
0x00007ffeef070000 - 0x00007ffeef0c7000 	C:\WINDOWS\SYSTEM32\sechost.dll
0x00007ffeeee30000 - 0x00007ffeef006000 	C:\WINDOWS\SYSTEM32\combase.dll
0x00007ffef1000000 - 0x00007ffef1144000 	C:\WINDOWS\system32\GDI32.dll
0x00007ffeee7d0000 - 0x00007ffeee7e4000 	C:\WINDOWS\SYSTEM32\profapi.dll
0x00007ffeed330000 - 0x00007ffeed3cf000 	C:\WINDOWS\SYSTEM32\SHCORE.dll
0x00007ffef1420000 - 0x00007ffef1454000 	C:\WINDOWS\system32\IMM32.DLL
0x00007ffeeece0000 - 0x00007ffeeee19000 	C:\WINDOWS\system32\MSCTF.dll
0x00007ffeeb180000 - 0x00007ffeeb3da000 	C:\WINDOWS\WinSxS\amd64_microsoft.windows.common-controls_6595b64144ccf1df_6.0.9600.17031_none_6242a4b3ecbb55a1\COMCTL32.dll
0x0000000058530000 - 0x0000000058602000 	C:\Program Files\Java\jdk1.8.0_11\jre\bin\msvcr100.dll
0x0000000057d00000 - 0x000000005852a000 	C:\Program Files\Java\jdk1.8.0_11\jre\bin\server\jvm.dll
0x00007ffee5d10000 - 0x00007ffee5d19000 	C:\WINDOWS\SYSTEM32\WSOCK32.dll
0x00007ffeeb3e0000 - 0x00007ffeeb3ff000 	C:\WINDOWS\SYSTEM32\WINMM.dll
0x00007ffef09c0000 - 0x00007ffef09c7000 	C:\WINDOWS\system32\PSAPI.DLL
0x00007ffef13b0000 - 0x00007ffef1408000 	C:\WINDOWS\system32\WS2_32.dll
0x00007ffeeb120000 - 0x00007ffeeb14a000 	C:\WINDOWS\SYSTEM32\WINMMBASE.dll
0x00007ffef1410000 - 0x00007ffef1419000 	C:\WINDOWS\system32\NSI.dll
0x00007ffeee9b0000 - 0x00007ffeee9fa000 	C:\WINDOWS\SYSTEM32\cfgmgr32.dll
0x00007ffeed660000 - 0x00007ffeed686000 	C:\WINDOWS\SYSTEM32\DEVOBJ.dll
0x0000000057cf0000 - 0x0000000057cff000 	C:\Program Files\Java\jdk1.8.0_11\jre\bin\verify.dll
0x0000000057cc0000 - 0x0000000057ce8000 	C:\Program Files\Java\jdk1.8.0_11\jre\bin\java.dll
0x0000000057ca0000 - 0x0000000057cb6000 	C:\Program Files\Java\jdk1.8.0_11\jre\bin\zip.dll
0x00007ffeecc20000 - 0x00007ffeecc30000 	C:\Program Files (x86)\JetBrains\IntelliJ IDEA Community Edition 14.0.2\bin\breakgen64.dll
0x0000000057c80000 - 0x0000000057c9a000 	C:\Program Files\Java\jdk1.8.0_11\jre\bin\net.dll
0x00007ffeedff0000 - 0x00007ffeee048000 	C:\WINDOWS\system32\mswsock.dll
0x00007ffedb4b0000 - 0x00007ffedb509000 	C:\Users\Will\git\DogWood\libs\lwjgl\native\windows\x64\lwjgl.dll
0x00007ffedadf0000 - 0x00007ffedaf11000 	C:\WINDOWS\SYSTEM32\OPENGL32.dll
0x00007ffee93f0000 - 0x00007ffee941c000 	C:\WINDOWS\SYSTEM32\GLU32.dll
0x00007ffeda2d0000 - 0x00007ffeda3c4000 	C:\WINDOWS\SYSTEM32\DDRAW.dll
0x00007ffeeb6b0000 - 0x00007ffeeb6b9000 	C:\WINDOWS\SYSTEM32\DCIMAN32.dll
0x00007ffeed4b0000 - 0x00007ffeed5d1000 	C:\WINDOWS\system32\uxtheme.dll
0x00007ffeeb160000 - 0x00007ffeeb180000 	C:\WINDOWS\SYSTEM32\dwmapi.dll
0x0000000055e40000 - 0x0000000057c7c000 	C:\WINDOWS\SYSTEM32\nvoglv64.DLL
0x00007ffef0e20000 - 0x00007ffef0ff4000 	C:\WINDOWS\system32\SETUPAPI.dll
0x00007ffeeb400000 - 0x00007ffeeb40a000 	C:\WINDOWS\SYSTEM32\VERSION.dll
0x00007ffeeebe0000 - 0x00007ffeeec2c000 	C:\WINDOWS\system32\WINTRUST.dll
0x00007ffeeea00000 - 0x00007ffeeebdf000 	C:\WINDOWS\system32\CRYPT32.dll
0x00007ffeee880000 - 0x00007ffeee892000 	C:\WINDOWS\system32\MSASN1.dll
0x00007ffee9bb0000 - 0x00007ffee9be0000 	C:\WINDOWS\SYSTEM32\ntmarta.dll
0x00007ffeee770000 - 0x00007ffeee7b5000 	C:\WINDOWS\SYSTEM32\powrprof.dll
0x00007ffeed310000 - 0x00007ffeed31a000 	C:\WINDOWS\SYSTEM32\kernel.appcore.dll
0x00007ffeee640000 - 0x00007ffeee64a000 	C:\WINDOWS\SYSTEM32\CRYPTBASE.dll
0x00007ffeee5e0000 - 0x00007ffeee640000 	C:\WINDOWS\SYSTEM32\bcryptPrimitives.dll
0x00007ffeea0d0000 - 0x00007ffeea258000 	C:\WINDOWS\SYSTEM32\dbghelp.dll

VM Arguments:
jvm_args: -Djava.library.path=libs/lwjgl/native/windows/x64 -Didea.launcher.port=7533 -Didea.launcher.bin.path=C:\Program Files (x86)\JetBrains\IntelliJ IDEA Community Edition 14.0.2\bin -Dfile.encoding=UTF-8 
java_command: com.intellij.rt.execution.application.AppMain game.Main
java_class_path (initial): C:\Program Files\Java\jdk1.8.0_11\jre\lib\charsets.jar;C:\Program Files\Java\jdk1.8.0_11\jre\lib\deploy.jar;C:\Program Files\Java\jdk1.8.0_11\jre\lib\javaws.jar;C:\Program Files\Java\jdk1.8.0_11\jre\lib\jce.jar;C:\Program Files\Java\jdk1.8.0_11\jre\lib\jfr.jar;C:\Program Files\Java\jdk1.8.0_11\jre\lib\jfxswt.jar;C:\Program Files\Java\jdk1.8.0_11\jre\lib\jsse.jar;C:\Program Files\Java\jdk1.8.0_11\jre\lib\management-agent.jar;C:\Program Files\Java\jdk1.8.0_11\jre\lib\plugin.jar;C:\Program Files\Java\jdk1.8.0_11\jre\lib\resources.jar;C:\Program Files\Java\jdk1.8.0_11\jre\lib\rt.jar;C:\Program Files\Java\jdk1.8.0_11\jre\lib\ext\access-bridge-64.jar;C:\Program Files\Java\jdk1.8.0_11\jre\lib\ext\cldrdata.jar;C:\Program Files\Java\jdk1.8.0_11\jre\lib\ext\dnsns.jar;C:\Program Files\Java\jdk1.8.0_11\jre\lib\ext\jaccess.jar;C:\Program Files\Java\jdk1.8.0_11\jre\lib\ext\jfxrt.jar;C:\Program Files\Java\jdk1.8.0_11\jre\lib\ext\localedata.jar;C:\Program Files\Java\jdk1.8.0_11\jre\lib\ext\nashorn.jar;C:\Program Files\Java\jdk1.8.0_11\jre\lib\ext\sunec.jar;C:\Program Files\Java\jdk1.8.0_11\jre\lib\ext\sunjce_provider.jar;C:\Program Files\Java\jdk1.8.0_11\jre\lib\ext\sunmscapi.jar;C:\Program Files\Java\jdk1.8.0_11\jre\lib\ext\sunpkcs11.jar;C:\Program Files\Java\jdk1.8.0_11\jre\lib\ext\zipfs.jar;C:\Users\Will\git\DogWood\out\production\DogWood;C:\Users\Will\git\DogWood\libs\lwjgl\disruptor.jar;C:\Users\Will\git\DogWood\libs\lwjgl\lwjgl.jar;C:\Program Files (x86)\JetBrains\IntelliJ IDEA Community Edition 14.0.2\lib\idea_rt.jar
Launcher Type: SUN_STANDARD

Environment Variables:
PATH=C:\ProgramData\Oracle\Java\javapath;C:\Program Files (x86)\Haskell\bin;C:\Program Files (x86)\Haskell Platform\2013.2.0.0\lib\extralibs\bin;C:\Program Files (x86)\Haskell Platform\2013.2.0.0\bin;C:\Program Files (x86)\NVIDIA Corporation\PhysX\Common;C:\Program Files (x86)\Intel\iCLS Client\;C:\Program Files\Intel\iCLS Client\;C:\WINDOWS\system32;C:\WINDOWS;C:\WINDOWS\System32\Wbem;C:\WINDOWS\System32\WindowsPowerShell\v1.0\;C:\Program Files\Intel\Intel(R) Management Engine Components\DAL;C:\Program Files\Intel\Intel(R) Management Engine Components\IPT;C:\Program Files (x86)\Intel\Intel(R) Management Engine Components\DAL;C:\Program Files (x86)\Intel\Intel(R) Management Engine Components\IPT;C:\Program Files\Intel\WiFi\bin\;C:\Program Files\Common Files\Intel\WirelessCommon\;C:\Program Files (x86)\Groovy\Groovy-2.2.2\bin;C:\Python34;C:\Program Files (x86)\CMake 2.8\bin;C:\Program Files (x86)\Lua\5.1;C:\Program Files (x86)\Lua\5.1\clibs;C:\Program Files (x86)\Haskell Platform\2013.2.0.0\mingw\bin;C:\Program Files\Microsoft SQL Server\110\Tools\Binn\;C:\Program Files (x86)\Microsoft SDKs\TypeScript\1.0\;C:\Program Files\Microsoft SQL Server\120\Tools\Binn\;C:\Program Files (x86)\GtkSharp\2.12\bin;C:\Users\Will\AppData\Roaming\cabal\bin
USERNAME=Will
OS=Windows_NT
PROCESSOR_IDENTIFIER=Intel64 Family 6 Model 60 Stepping 3, GenuineIntel



---------------  S Y S T E M  ---------------

OS: Windows 8.1 , 64 bit Build 9600 

CPU:total 8 (4 cores per cpu, 2 threads per core) family 6 model 60 stepping 3, cmov, cx8, fxsr, mmx, sse, sse2, sse3, ssse3, sse4.1, sse4.2, popcnt, avx, avx2, aes, clmul, erms, ht, tsc, tscinvbit

Memory: 4k page, physical 8333592k(4576528k free), swap 9644312k(4070296k free)

vm_info: Java HotSpot(TM) 64-Bit Server VM (25.11-b03) for windows-amd64 JRE (1.8.0_11-b12), built on Jun 16 2014 20:57:32 by "java_re" with MS VC++ 10.0 (VS2010)

time: Wed Jan 21 00:13:04 2015
elapsed time: 1 seconds

