#
# A fatal error has been detected by the Java Runtime Environment:
#
#  EXCEPTION_ACCESS_VIOLATION (0xc0000005) at pc=0x00000000658690b9, pid=6064, tid=14712
#
# JRE version: Java(TM) SE Runtime Environment (8.0_11-b12) (build 1.8.0_11-b12)
# Java VM: Java HotSpot(TM) 64-Bit Server VM (25.11-b03 mixed mode windows-amd64 compressed oops)
# Problematic frame:
# C  [nvoglv64.DLL+0xec90b9]
#
# Failed to write core dump. Minidumps are not enabled by default on client versions of Windows
#
# If you would like to submit a bug report, please visit:
#   http://bugreport.sun.com/bugreport/crash.jsp
# The crash happened outside the Java Virtual Machine in native code.
# See problematic frame for where to report the bug.
#

---------------  T H R E A D  ---------------

Current thread (0x00000000012de000):  JavaThread "main" [_thread_in_native, id=14712, stack(0x0000000002a60000,0x0000000002b60000)]

siginfo: ExceptionCode=0xc0000005, reading address 0x0000000000000000

Registers:
RAX=0x0000000000000018, RBX=0x000000001c31c308, RCX=0x0000000000000018, RDX=0xffffffffe3ce3cdc
RSP=0x0000000002b5e7e8, RBP=0x0000000000000000, RSI=0x0000000000000000, RDI=0x000000001c31c324
R8 =0x0000000000000018, R9 =0x000000001c31c308, R10=0x0000000000000000, R11=0x000000001c31c324
R12=0x0000000000001405, R13=0x0000000000000018, R14=0x0000000000000006, R15=0x0000000000000004
RIP=0x00000000658690b9, EFLAGS=0x0000000000010217

Top of Stack: (sp=0x0000000002b5e7e8)
0x0000000002b5e7e8:   0000000000000044 000000001b267080
0x0000000002b5e7f8:   000000006508935f 00000000012da730
0x0000000002b5e808:   000000006688b106 0000000002b5f158
0x0000000002b5e818:   00000000012debb0 00000000000003d8
0x0000000002b5e828:   00000000012debc0 00000000177496f0
0x0000000002b5e838:   00000000012de000 00000000177496f0
0x0000000002b5e848:   00000000012de000 0000000002c87380
0x0000000002b5e858:   0000000002c95040 00000000012de000
0x0000000002b5e868:   0000000002b5e980 0000000000000000
0x0000000002b5e878:   0000000002c87380 0000000002b5e930
0x0000000002b5e888:   0000000002c951ae 0000000000000090
0x0000000002b5e898:   0000000002b5e900 00000000177496f0
0x0000000002b5e8a8:   00000000177496f0 0000000000001405
0x0000000002b5e8b8:   0000000000000000 00000000652d1350
0x0000000002b5e8c8:   00000000177496f0 0000000000000090
0x0000000002b5e8d8:   00000000012de000 0000000002b5ea08 

Instructions: (pc=0x00000000658690b9)
0x0000000065869099:   03 c0 48 3b c8 0f 8c 46 03 00 00 0f ba 25 dc 5f
0x00000000658690a9:   db 00 01 73 13 57 56 48 8b f9 49 8b f2 49 8b c8
0x00000000658690b9:   f3 a4 5e 5f 49 8b c3 c3 f6 c1 07 74 36 f6 c1 01
0x00000000658690c9:   74 0b 8a 04 0a 49 ff c8 88 01 48 ff c1 f6 c1 02 


Register to memory mapping:

RAX=0x0000000000000018 is an unknown value
RBX=0x000000001c31c308 is an unknown value
RCX=0x0000000000000018 is an unknown value
RDX=0xffffffffe3ce3cdc is an unknown value
RSP=0x0000000002b5e7e8 is pointing into the stack for thread: 0x00000000012de000
RBP=0x0000000000000000 is an unknown value
RSI=0x0000000000000000 is an unknown value
RDI=0x000000001c31c324 is an unknown value
R8 =0x0000000000000018 is an unknown value
R9 =0x000000001c31c308 is an unknown value
R10=0x0000000000000000 is an unknown value
R11=0x000000001c31c324 is an unknown value
R12=0x0000000000001405 is an unknown value
R13=0x0000000000000018 is an unknown value
R14=0x0000000000000006 is an unknown value
R15=0x0000000000000004 is an unknown value


Stack: [0x0000000002a60000,0x0000000002b60000],  sp=0x0000000002b5e7e8,  free space=1017k
Native frames: (J=compiled Java code, j=interpreted, Vv=VM code, C=native code)

Java frames: (J=compiled Java code, j=interpreted, Vv=VM code)
j  org.lwjgl.opengl.GL11.nglDrawElements(IIIJJ)V+0
j  org.lwjgl.opengl.GL11.nglDrawElements(IIIJ)V+26
j  org.lwjgl.opengl.GL11.glDrawElements(IIIJ)V+17
j  framework.graphics.opengl.VAO.draw()V+16
j  framework.graphics.Mesh.draw()V+4
j  game.components.SpriteComponent.render(I)V+18
j  framework.scene.Scene.lambda$update$7(ILframework/scene/components/RenderComponent;)V+2
j  framework.scene.Scene$$Lambda$6.accept(Ljava/lang/Object;)V+8
j  java.util.ArrayList.forEach(Ljava/util/function/Consumer;)V+47
j  framework.scene.Scene.update(I)V+73
j  game.GameScreen.update(I)V+5
j  framework.Game.update(I)V+5
j  framework.Application.start()V+63
j  framework.Application.<init>(Lframework/Game;Ljava/lang/String;II)V+29
j  game.Main.main([Ljava/lang/String;)V+19
v  ~StubRoutines::call_stub
j  sun.reflect.NativeMethodAccessorImpl.invoke0(Ljava/lang/reflect/Method;Ljava/lang/Object;[Ljava/lang/Object;)Ljava/lang/Object;+0
j  sun.reflect.NativeMethodAccessorImpl.invoke(Ljava/lang/Object;[Ljava/lang/Object;)Ljava/lang/Object;+100
j  sun.reflect.DelegatingMethodAccessorImpl.invoke(Ljava/lang/Object;[Ljava/lang/Object;)Ljava/lang/Object;+6
j  java.lang.reflect.Method.invoke(Ljava/lang/Object;[Ljava/lang/Object;)Ljava/lang/Object;+56
j  com.intellij.rt.execution.application.AppMain.main([Ljava/lang/String;)V+163
v  ~StubRoutines::call_stub

---------------  P R O C E S S  ---------------

Java Threads: ( => current thread )
  0x0000000019e3c000 JavaThread "Monitor Ctrl-Break" daemon [_thread_in_native, id=11900, stack(0x000000001a940000,0x000000001aa40000)]
  0x0000000019d89800 JavaThread "Service Thread" daemon [_thread_blocked, id=19248, stack(0x000000001a6d0000,0x000000001a7d0000)]
  0x0000000019d03000 JavaThread "C1 CompilerThread3" daemon [_thread_blocked, id=19428, stack(0x000000001a5d0000,0x000000001a6d0000)]
  0x0000000019cfd800 JavaThread "C2 CompilerThread2" daemon [_thread_blocked, id=14652, stack(0x000000001a4d0000,0x000000001a5d0000)]
  0x0000000019cf8800 JavaThread "C2 CompilerThread1" daemon [_thread_blocked, id=16184, stack(0x000000001a3d0000,0x000000001a4d0000)]
  0x0000000019cf6800 JavaThread "C2 CompilerThread0" daemon [_thread_blocked, id=7364, stack(0x000000001a2d0000,0x000000001a3d0000)]
  0x0000000019cf5800 JavaThread "Attach Listener" daemon [_thread_blocked, id=14952, stack(0x000000001a1d0000,0x000000001a2d0000)]
  0x0000000019cf5000 JavaThread "Signal Dispatcher" daemon [_thread_blocked, id=15004, stack(0x000000001a0d0000,0x000000001a1d0000)]
  0x0000000002c6a800 JavaThread "Finalizer" daemon [_thread_blocked, id=12204, stack(0x0000000019bc0000,0x0000000019cc0000)]
  0x0000000002c62000 JavaThread "Reference Handler" daemon [_thread_blocked, id=11152, stack(0x0000000019ac0000,0x0000000019bc0000)]
=>0x00000000012de000 JavaThread "main" [_thread_in_native, id=14712, stack(0x0000000002a60000,0x0000000002b60000)]

Other Threads:
  0x0000000017ca7800 VMThread [stack: 0x00000000199c0000,0x0000000019ac0000] [id=9428]
  0x0000000019d8a800 WatcherThread [stack: 0x000000001a7d0000,0x000000001a8d0000] [id=16972]

VM state:not at safepoint (normal execution)

VM Mutex/Monitor currently owned by a thread: None

Heap:
 PSYoungGen      total 5632K, used 2860K [0x00000000d5980000, 0x00000000d6480000, 0x0000000100000000)
  eden space 4096K, 34% used [0x00000000d5980000,0x00000000d5ae6060,0x00000000d5d80000)
  from space 1536K, 92% used [0x00000000d5d80000,0x00000000d5ee5098,0x00000000d5f00000)
  to   space 1536K, 0% used [0x00000000d6300000,0x00000000d6300000,0x00000000d6480000)
 ParOldGen       total 129536K, used 1518K [0x0000000080c00000, 0x0000000088a80000, 0x00000000d5980000)
  object space 129536K, 1% used [0x0000000080c00000,0x0000000080d7b8d8,0x0000000088a80000)
 Metaspace       used 7832K, capacity 8216K, committed 8448K, reserved 1056768K
  class space    used 659K, capacity 704K, committed 768K, reserved 1048576K

Card table byte_map: [0x0000000012040000,0x0000000012440000] byte_map_base: 0x0000000011c3a000

Marking Bits: (ParMarkBitMap*) 0x0000000066f912b0
 Begin Bits: [0x0000000012ef0000, 0x0000000014ec0000)
 End Bits:   [0x0000000014ec0000, 0x0000000016e90000)

Polling page: 0x00000000012c0000

CodeCache: size=245760Kb used=2384Kb max_used=2397Kb free=243375Kb
 bounds [0x0000000002c80000, 0x0000000002ef0000, 0x0000000011c80000]
 total_blobs=1076 nmethods=536 adapters=454
 compilation: enabled

Compilation events (10 events):
Event: 1.065 Thread 0x0000000019d03000  526       3       java.lang.invoke.MemberName::getReferenceKind (12 bytes)
Event: 1.065 Thread 0x0000000019d03000 nmethod 526 0x0000000002ed0790 code [0x0000000002ed08e0, 0x0000000002ed0a30]
Event: 1.065 Thread 0x0000000019d03000  531       3       java.lang.invoke.LambdaForm::argument (35 bytes)
Event: 1.065 Thread 0x0000000019cfd800  533       4       jdk.internal.org.objectweb.asm.ByteVector::putUTF8 (423 bytes)
Event: 1.065 Thread 0x0000000019d03000 nmethod 531 0x0000000002ed0c10 code [0x0000000002ed0da0, 0x0000000002ed1258]
Event: 1.065 Thread 0x0000000019d03000  532       3       jdk.internal.org.objectweb.asm.Type::getArgumentsAndReturnSizes (151 bytes)
Event: 1.066 Thread 0x0000000019d03000 nmethod 532 0x0000000002ed1490 code [0x0000000002ed16c0, 0x0000000002ed2418]
Event: 1.066 Thread 0x0000000019d03000  535       3       java.lang.invoke.MethodType::parameterCount (6 bytes)
Event: 1.066 Thread 0x0000000019d03000 nmethod 535 0x0000000002ed2950 code [0x0000000002ed2aa0, 0x0000000002ed2bf0]
Event: 1.066 Thread 0x0000000019d03000  534       3       java.util.Arrays::copyOf (46 bytes)

GC Heap History (10 events):
Event: 0.135 GC heap before
{Heap before GC invocations=3 (full 0):
 PSYoungGen      total 1536K, used 1504K [0x00000000d5980000, 0x00000000d5b80000, 0x0000000100000000)
  eden space 1024K, 100% used [0x00000000d5980000,0x00000000d5a80000,0x00000000d5a80000)
  from space 512K, 93% used [0x00000000d5b00000,0x00000000d5b78020,0x00000000d5b80000)
  to   space 512K, 0% used [0x00000000d5a80000,0x00000000d5a80000,0x00000000d5b00000)
 ParOldGen       total 129536K, used 136K [0x0000000080c00000, 0x0000000088a80000, 0x00000000d5980000)
  object space 129536K, 0% used [0x0000000080c00000,0x0000000080c22000,0x0000000088a80000)
 Metaspace       used 3629K, capacity 4728K, committed 4864K, reserved 1056768K
  class space    used 404K, capacity 424K, committed 512K, reserved 1048576K
Event: 0.136 GC heap after
Heap after GC invocations=3 (full 0):
 PSYoungGen      total 1536K, used 480K [0x00000000d5980000, 0x00000000d5c80000, 0x0000000100000000)
  eden space 1024K, 0% used [0x00000000d5980000,0x00000000d5980000,0x00000000d5a80000)
  from space 512K, 93% used [0x00000000d5a80000,0x00000000d5af8020,0x00000000d5b00000)
  to   space 512K, 0% used [0x00000000d5c00000,0x00000000d5c00000,0x00000000d5c80000)
 ParOldGen       total 129536K, used 393K [0x0000000080c00000, 0x0000000088a80000, 0x00000000d5980000)
  object space 129536K, 0% used [0x0000000080c00000,0x0000000080c62400,0x0000000088a80000)
 Metaspace       used 3629K, capacity 4728K, committed 4864K, reserved 1056768K
  class space    used 404K, capacity 424K, committed 512K, reserved 1048576K
}
Event: 0.741 GC heap before
{Heap before GC invocations=4 (full 0):
 PSYoungGen      total 1536K, used 1504K [0x00000000d5980000, 0x00000000d5c80000, 0x0000000100000000)
  eden space 1024K, 100% used [0x00000000d5980000,0x00000000d5a80000,0x00000000d5a80000)
  from space 512K, 93% used [0x00000000d5a80000,0x00000000d5af8020,0x00000000d5b00000)
  to   space 512K, 0% used [0x00000000d5c00000,0x00000000d5c00000,0x00000000d5c80000)
 ParOldGen       total 129536K, used 393K [0x0000000080c00000, 0x0000000088a80000, 0x00000000d5980000)
  object space 129536K, 0% used [0x0000000080c00000,0x0000000080c62400,0x0000000088a80000)
 Metaspace       used 3867K, capacity 4952K, committed 5120K, reserved 1056768K
  class space    used 437K, capacity 456K, committed 512K, reserved 1048576K
Event: 0.742 GC heap after
Heap after GC invocations=4 (full 0):
 PSYoungGen      total 2560K, used 480K [0x00000000d5980000, 0x00000000d5c80000, 0x0000000100000000)
  eden space 2048K, 0% used [0x00000000d5980000,0x00000000d5980000,0x00000000d5b80000)
  from space 512K, 93% used [0x00000000d5c00000,0x00000000d5c78020,0x00000000d5c80000)
  to   space 512K, 0% used [0x00000000d5b80000,0x00000000d5b80000,0x00000000d5c00000)
 ParOldGen       total 129536K, used 611K [0x0000000080c00000, 0x0000000088a80000, 0x00000000d5980000)
  object space 129536K, 0% used [0x0000000080c00000,0x0000000080c98f60,0x0000000088a80000)
 Metaspace       used 3867K, capacity 4952K, committed 5120K, reserved 1056768K
  class space    used 437K, capacity 456K, committed 512K, reserved 1048576K
}
Event: 0.835 GC heap before
{Heap before GC invocations=5 (full 0):
 PSYoungGen      total 2560K, used 2524K [0x00000000d5980000, 0x00000000d5c80000, 0x0000000100000000)
  eden space 2048K, 99% used [0x00000000d5980000,0x00000000d5b7f290,0x00000000d5b80000)
  from space 512K, 93% used [0x00000000d5c00000,0x00000000d5c78020,0x00000000d5c80000)
  to   space 512K, 0% used [0x00000000d5b80000,0x00000000d5b80000,0x00000000d5c00000)
 ParOldGen       total 129536K, used 611K [0x0000000080c00000, 0x0000000088a80000, 0x00000000d5980000)
  object space 129536K, 0% used [0x0000000080c00000,0x0000000080c98f60,0x0000000088a80000)
 Metaspace       used 4836K, capacity 5822K, committed 5888K, reserved 1056768K
  class space    used 466K, capacity 494K, committed 512K, reserved 1048576K
Event: 0.837 GC heap after
Heap after GC invocations=5 (full 0):
 PSYoungGen      total 2560K, used 512K [0x00000000d5980000, 0x00000000d6080000, 0x0000000100000000)
  eden space 2048K, 0% used [0x00000000d5980000,0x00000000d5980000,0x00000000d5b80000)
  from space 512K, 100% used [0x00000000d5b80000,0x00000000d5c00000,0x00000000d5c00000)
  to   space 1536K, 0% used [0x00000000d5f00000,0x00000000d5f00000,0x00000000d6080000)
 ParOldGen       total 129536K, used 1254K [0x0000000080c00000, 0x0000000088a80000, 0x00000000d5980000)
  object space 129536K, 0% used [0x0000000080c00000,0x0000000080d39888,0x0000000088a80000)
 Metaspace       used 4836K, capacity 5822K, committed 5888K, reserved 1056768K
  class space    used 466K, capacity 494K, committed 512K, reserved 1048576K
}
Event: 0.887 GC heap before
{Heap before GC invocations=6 (full 0):
 PSYoungGen      total 2560K, used 2560K [0x00000000d5980000, 0x00000000d6080000, 0x0000000100000000)
  eden space 2048K, 100% used [0x00000000d5980000,0x00000000d5b80000,0x00000000d5b80000)
  from space 512K, 100% used [0x00000000d5b80000,0x00000000d5c00000,0x00000000d5c00000)
  to   space 1536K, 0% used [0x00000000d5f00000,0x00000000d5f00000,0x00000000d6080000)
 ParOldGen       total 129536K, used 1254K [0x0000000080c00000, 0x0000000088a80000, 0x00000000d5980000)
  object space 129536K, 0% used [0x0000000080c00000,0x0000000080d39888,0x0000000088a80000)
 Metaspace       used 5591K, capacity 6526K, committed 6656K, reserved 1056768K
  class space    used 491K, capacity 494K, committed 512K, reserved 1048576K
Event: 0.888 GC heap after
Heap after GC invocations=6 (full 0):
 PSYoungGen      total 5632K, used 1073K [0x00000000d5980000, 0x00000000d6080000, 0x0000000100000000)
  eden space 4096K, 0% used [0x00000000d5980000,0x00000000d5980000,0x00000000d5d80000)
  from space 1536K, 69% used [0x00000000d5f00000,0x00000000d600c7e8,0x00000000d6080000)
  to   space 1536K, 0% used [0x00000000d5d80000,0x00000000d5d80000,0x00000000d5f00000)
 ParOldGen       total 129536K, used 1262K [0x0000000080c00000, 0x0000000088a80000, 0x00000000d5980000)
  object space 129536K, 0% used [0x0000000080c00000,0x0000000080d3b888,0x0000000088a80000)
 Metaspace       used 5591K, capacity 6526K, committed 6656K, reserved 1056768K
  class space    used 491K, capacity 494K, committed 512K, reserved 1048576K
}
Event: 1.012 GC heap before
{Heap before GC invocations=7 (full 0):
 PSYoungGen      total 5632K, used 5169K [0x00000000d5980000, 0x00000000d6080000, 0x0000000100000000)
  eden space 4096K, 100% used [0x00000000d5980000,0x00000000d5d80000,0x00000000d5d80000)
  from space 1536K, 69% used [0x00000000d5f00000,0x00000000d600c7e8,0x00000000d6080000)
  to   space 1536K, 0% used [0x00000000d5d80000,0x00000000d5d80000,0x00000000d5f00000)
 ParOldGen       total 129536K, used 1262K [0x0000000080c00000, 0x0000000088a80000, 0x00000000d5980000)
  object space 129536K, 0% used [0x0000000080c00000,0x0000000080d3b888,0x0000000088a80000)
 Metaspace       used 6979K, capacity 7870K, committed 8064K, reserved 1056768K
  class space    used 549K, capacity 558K, committed 640K, reserved 1048576K
Event: 1.013 GC heap after
Heap after GC invocations=7 (full 0):
 PSYoungGen      total 5632K, used 1428K [0x00000000d5980000, 0x00000000d6480000, 0x0000000100000000)
  eden space 4096K, 0% used [0x00000000d5980000,0x00000000d5980000,0x00000000d5d80000)
  from space 1536K, 92% used [0x00000000d5d80000,0x00000000d5ee5098,0x00000000d5f00000)
  to   space 1536K, 0% used [0x00000000d6300000,0x00000000d6300000,0x00000000d6480000)
 ParOldGen       total 129536K, used 1518K [0x0000000080c00000, 0x0000000088a80000, 0x00000000d5980000)
  object space 129536K, 1% used [0x0000000080c00000,0x0000000080d7b8d8,0x0000000088a80000)
 Metaspace       used 6979K, capacity 7870K, committed 8064K, reserved 1056768K
  class space    used 549K, capacity 558K, committed 640K, reserved 1048576K
}

Deoptimization events (0 events):
No events

Internal exceptions (10 events):
Event: 1.040 Thread 0x00000000012de000 Exception <a 'java/lang/ClassNotFoundException': java/lang/Null> (0x00000000d59f75c8) thrown at [C:\re\workspace\8-2-build-windows-amd64-cygwin\jdk8u11\648\hotspot\src\share\vm\classfile\systemDictionary.cpp, line 202]
Event: 1.049 Thread 0x00000000012de000 Exception <a 'java/lang/NoSuchFieldError': method resolution failed> (0x00000000d5a4fb48) thrown at [C:\re\workspace\8-2-build-windows-amd64-cygwin\jdk8u11\648\hotspot\src\share\vm\prims\methodHandles.cpp, line 1159]
Event: 1.050 Thread 0x00000000012de000 Exception <a 'java/lang/NoSuchFieldError': method resolution failed> (0x00000000d5a5e578) thrown at [C:\re\workspace\8-2-build-windows-amd64-cygwin\jdk8u11\648\hotspot\src\share\vm\prims\methodHandles.cpp, line 1159]
Event: 1.051 Thread 0x00000000012de000 Exception <a 'java/lang/NoSuchFieldError': method resolution failed> (0x00000000d5a616d8) thrown at [C:\re\workspace\8-2-build-windows-amd64-cygwin\jdk8u11\648\hotspot\src\share\vm\prims\methodHandles.cpp, line 1159]
Event: 1.060 Thread 0x00000000012de000 Exception <a 'java/security/PrivilegedActionException'> (0x00000000d5ab41d0) thrown at [C:\re\workspace\8-2-build-windows-amd64-cygwin\jdk8u11\648\hotspot\src\share\vm\prims\jvm.cpp, line 1248]
Event: 1.060 Thread 0x00000000012de000 Exception <a 'java/security/PrivilegedActionException'> (0x00000000d5ab7ef8) thrown at [C:\re\workspace\8-2-build-windows-amd64-cygwin\jdk8u11\648\hotspot\src\share\vm\prims\jvm.cpp, line 1248]
Event: 1.061 Thread 0x00000000012de000 Exception <a 'java/security/PrivilegedActionException'> (0x00000000d5abafd8) thrown at [C:\re\workspace\8-2-build-windows-amd64-cygwin\jdk8u11\648\hotspot\src\share\vm\prims\jvm.cpp, line 1248]
Event: 1.061 Thread 0x00000000012de000 Exception <a 'java/security/PrivilegedActionException'> (0x00000000d5abe750) thrown at [C:\re\workspace\8-2-build-windows-amd64-cygwin\jdk8u11\648\hotspot\src\share\vm\prims\jvm.cpp, line 1248]
Event: 1.063 Thread 0x00000000012de000 Exception <a 'java/security/PrivilegedActionException'> (0x00000000d5ac6700) thrown at [C:\re\workspace\8-2-build-windows-amd64-cygwin\jdk8u11\648\hotspot\src\share\vm\prims\jvm.cpp, line 1248]
Event: 1.063 Thread 0x00000000012de000 Exception <a 'java/security/PrivilegedActionException'> (0x00000000d5ac8508) thrown at [C:\re\workspace\8-2-build-windows-amd64-cygwin\jdk8u11\648\hotspot\src\share\vm\prims\jvm.cpp, line 1248]

Events (10 events):
Event: 1.063 loading class framework/input/Keyboard
Event: 1.063 loading class framework/input/Keyboard done
Event: 1.064 loading class framework/scene/components/UpdateComponent
Event: 1.064 loading class framework/scene/components/UpdateComponent done
Event: 1.064 loading class framework/scene/components/UpdateComponent
Event: 1.064 loading class framework/scene/components/UpdateComponent done
Event: 1.065 loading class framework/scene/components/RenderComponent
Event: 1.065 loading class framework/scene/components/RenderComponent done
Event: 1.065 loading class framework/scene/components/RenderComponent
Event: 1.065 loading class framework/scene/components/RenderComponent done


Dynamic libraries:
0x00007ff62c410000 - 0x00007ff62c444000 	C:\Program Files\Java\jdk1.8.0_11\bin\java.exe
0x00007ffecd530000 - 0x00007ffecd6d6000 	C:\WINDOWS\SYSTEM32\ntdll.dll
0x00007ffecce90000 - 0x00007ffeccfca000 	C:\WINDOWS\system32\KERNEL32.DLL
0x00007ffeca970000 - 0x00007ffecaa7f000 	C:\WINDOWS\system32\KERNELBASE.dll
0x00007ffec93f0000 - 0x00007ffec9478000 	C:\WINDOWS\system32\apphelp.dll
0x00007ffec5040000 - 0x00007ffec508f000 	C:\WINDOWS\AppPatch\AppPatch64\AcGenral.DLL
0x00007ffecaf80000 - 0x00007ffecb027000 	C:\WINDOWS\system32\msvcrt.dll
0x00007ffeca6e0000 - 0x00007ffeca70b000 	C:\WINDOWS\SYSTEM32\SspiCli.dll
0x00007ffecb030000 - 0x00007ffecb081000 	C:\WINDOWS\system32\SHLWAPI.dll
0x00007ffecd1c0000 - 0x00007ffecd331000 	C:\WINDOWS\system32\USER32.dll
0x00007ffecadb0000 - 0x00007ffecaf28000 	C:\WINDOWS\system32\ole32.dll
0x00007ffecb3e0000 - 0x00007ffecc7ef000 	C:\WINDOWS\system32\SHELL32.dll
0x00007ffec9d90000 - 0x00007ffec9dae000 	C:\WINDOWS\SYSTEM32\USERENV.dll
0x00007ffecd340000 - 0x00007ffecd3e5000 	C:\WINDOWS\system32\ADVAPI32.dll
0x00007ffec5f70000 - 0x00007ffec5f8b000 	C:\WINDOWS\SYSTEM32\MPR.dll
0x00007ffecb2a0000 - 0x00007ffecb3d7000 	C:\WINDOWS\system32\RPCRT4.dll
0x00007ffecb240000 - 0x00007ffecb297000 	C:\WINDOWS\SYSTEM32\sechost.dll
0x00007ffecccb0000 - 0x00007ffecce86000 	C:\WINDOWS\SYSTEM32\combase.dll
0x00007ffecb090000 - 0x00007ffecb1d4000 	C:\WINDOWS\system32\GDI32.dll
0x00007ffeca8a0000 - 0x00007ffeca8b4000 	C:\WINDOWS\SYSTEM32\profapi.dll
0x00007ffec9490000 - 0x00007ffec952f000 	C:\WINDOWS\SYSTEM32\SHCORE.dll
0x00007ffecaf40000 - 0x00007ffecaf74000 	C:\WINDOWS\system32\IMM32.DLL
0x00007ffecd3f0000 - 0x00007ffecd529000 	C:\WINDOWS\system32\MSCTF.dll
0x00007ffec7230000 - 0x00007ffec748a000 	C:\WINDOWS\WinSxS\amd64_microsoft.windows.common-controls_6595b64144ccf1df_6.0.9600.17031_none_6242a4b3ecbb55a1\COMCTL32.dll
0x0000000069310000 - 0x00000000693e2000 	C:\Program Files\Java\jdk1.8.0_11\jre\bin\msvcr100.dll
0x00000000667e0000 - 0x000000006700a000 	C:\Program Files\Java\jdk1.8.0_11\jre\bin\server\jvm.dll
0x00007ffec21b0000 - 0x00007ffec21b9000 	C:\WINDOWS\SYSTEM32\WSOCK32.dll
0x00007ffec74b0000 - 0x00007ffec74cf000 	C:\WINDOWS\SYSTEM32\WINMM.dll
0x00007ffecd1b0000 - 0x00007ffecd1b7000 	C:\WINDOWS\system32\PSAPI.DLL
0x00007ffeccb90000 - 0x00007ffeccbe8000 	C:\WINDOWS\system32\WS2_32.dll
0x00007ffec71f0000 - 0x00007ffec721a000 	C:\WINDOWS\SYSTEM32\WINMMBASE.dll
0x00007ffeccb10000 - 0x00007ffeccb19000 	C:\WINDOWS\system32\NSI.dll
0x00007ffecaa80000 - 0x00007ffecaaca000 	C:\WINDOWS\SYSTEM32\cfgmgr32.dll
0x00007ffec9710000 - 0x00007ffec9736000 	C:\WINDOWS\SYSTEM32\DEVOBJ.dll
0x0000000069300000 - 0x000000006930f000 	C:\Program Files\Java\jdk1.8.0_11\jre\bin\verify.dll
0x00000000692d0000 - 0x00000000692f8000 	C:\Program Files\Java\jdk1.8.0_11\jre\bin\java.dll
0x00000000692b0000 - 0x00000000692c6000 	C:\Program Files\Java\jdk1.8.0_11\jre\bin\zip.dll
0x00007ffec9060000 - 0x00007ffec9070000 	C:\Program Files (x86)\JetBrains\IntelliJ IDEA Community Edition 14.0.2\bin\breakgen64.dll
0x0000000069290000 - 0x00000000692aa000 	C:\Program Files\Java\jdk1.8.0_11\jre\bin\net.dll
0x00007ffec9fa0000 - 0x00007ffec9ff8000 	C:\WINDOWS\system32\mswsock.dll
0x00007ffebb6e0000 - 0x00007ffebb739000 	C:\Users\Will\git\DogWood\libs\lwjgl\native\windows\x64\lwjgl.dll
0x00007ffeb8a30000 - 0x00007ffeb8b51000 	C:\WINDOWS\SYSTEM32\OPENGL32.dll
0x00007ffec5cb0000 - 0x00007ffec5cdc000 	C:\WINDOWS\SYSTEM32\GLU32.dll
0x00007ffebb5e0000 - 0x00007ffebb6d4000 	C:\WINDOWS\SYSTEM32\DDRAW.dll
0x00007ffec78b0000 - 0x00007ffec78b9000 	C:\WINDOWS\SYSTEM32\DCIMAN32.dll
0x00007ffec9580000 - 0x00007ffec96a1000 	C:\WINDOWS\system32\uxtheme.dll
0x00007ffec7490000 - 0x00007ffec74b0000 	C:\WINDOWS\SYSTEM32\dwmapi.dll
0x00000000649a0000 - 0x00000000667dc000 	C:\WINDOWS\SYSTEM32\nvoglv64.DLL
0x00007ffeccfd0000 - 0x00007ffecd1a4000 	C:\WINDOWS\system32\SETUPAPI.dll
0x00007ffec74d0000 - 0x00007ffec74da000 	C:\WINDOWS\SYSTEM32\VERSION.dll
0x00007ffecab80000 - 0x00007ffecabcc000 	C:\WINDOWS\system32\WINTRUST.dll
0x00007ffecabd0000 - 0x00007ffecadaf000 	C:\WINDOWS\system32\CRYPT32.dll
0x00007ffeca950000 - 0x00007ffeca962000 	C:\WINDOWS\system32\MSASN1.dll
0x00007ffec5f30000 - 0x00007ffec5f60000 	C:\WINDOWS\SYSTEM32\ntmarta.dll
0x00007ffeca840000 - 0x00007ffeca885000 	C:\WINDOWS\SYSTEM32\powrprof.dll
0x00007ffec9480000 - 0x00007ffec948a000 	C:\WINDOWS\SYSTEM32\kernel.appcore.dll
0x00007ffeca770000 - 0x00007ffeca77a000 	C:\WINDOWS\SYSTEM32\CRYPTBASE.dll
0x00007ffeca710000 - 0x00007ffeca770000 	C:\WINDOWS\SYSTEM32\bcryptPrimitives.dll
0x00007ffec5d40000 - 0x00007ffec5ec8000 	C:\WINDOWS\SYSTEM32\dbghelp.dll

VM Arguments:
jvm_args: -Djava.library.path=libs/lwjgl/native/windows/x64 -Didea.launcher.port=7532 -Didea.launcher.bin.path=C:\Program Files (x86)\JetBrains\IntelliJ IDEA Community Edition 14.0.2\bin -Dfile.encoding=UTF-8 
java_command: com.intellij.rt.execution.application.AppMain game.Main
java_class_path (initial): C:\Program Files\Java\jdk1.8.0_11\jre\lib\charsets.jar;C:\Program Files\Java\jdk1.8.0_11\jre\lib\deploy.jar;C:\Program Files\Java\jdk1.8.0_11\jre\lib\javaws.jar;C:\Program Files\Java\jdk1.8.0_11\jre\lib\jce.jar;C:\Program Files\Java\jdk1.8.0_11\jre\lib\jfr.jar;C:\Program Files\Java\jdk1.8.0_11\jre\lib\jfxswt.jar;C:\Program Files\Java\jdk1.8.0_11\jre\lib\jsse.jar;C:\Program Files\Java\jdk1.8.0_11\jre\lib\management-agent.jar;C:\Program Files\Java\jdk1.8.0_11\jre\lib\plugin.jar;C:\Program Files\Java\jdk1.8.0_11\jre\lib\resources.jar;C:\Program Files\Java\jdk1.8.0_11\jre\lib\rt.jar;C:\Program Files\Java\jdk1.8.0_11\jre\lib\ext\access-bridge-64.jar;C:\Program Files\Java\jdk1.8.0_11\jre\lib\ext\cldrdata.jar;C:\Program Files\Java\jdk1.8.0_11\jre\lib\ext\dnsns.jar;C:\Program Files\Java\jdk1.8.0_11\jre\lib\ext\jaccess.jar;C:\Program Files\Java\jdk1.8.0_11\jre\lib\ext\jfxrt.jar;C:\Program Files\Java\jdk1.8.0_11\jre\lib\ext\localedata.jar;C:\Program Files\Java\jdk1.8.0_11\jre\lib\ext\nashorn.jar;C:\Program Files\Java\jdk1.8.0_11\jre\lib\ext\sunec.jar;C:\Program Files\Java\jdk1.8.0_11\jre\lib\ext\sunjce_provider.jar;C:\Program Files\Java\jdk1.8.0_11\jre\lib\ext\sunmscapi.jar;C:\Program Files\Java\jdk1.8.0_11\jre\lib\ext\sunpkcs11.jar;C:\Program Files\Java\jdk1.8.0_11\jre\lib\ext\zipfs.jar;C:\Users\Will\git\DogWood\out\production\DogWood;C:\Users\Will\git\DogWood\libs\lwjgl\disruptor.jar;C:\Users\Will\git\DogWood\libs\lwjgl\lwjgl.jar;C:\Program Files (x86)\JetBrains\IntelliJ IDEA Community Edition 14.0.2\lib\idea_rt.jar
Launcher Type: SUN_STANDARD

Environment Variables:
PATH=C:\ProgramData\Oracle\Java\javapath;C:\Program Files (x86)\Haskell\bin;C:\Program Files (x86)\Haskell Platform\2013.2.0.0\lib\extralibs\bin;C:\Program Files (x86)\Haskell Platform\2013.2.0.0\bin;C:\Program Files (x86)\NVIDIA Corporation\PhysX\Common;C:\Program Files (x86)\Intel\iCLS Client\;C:\Program Files\Intel\iCLS Client\;C:\WINDOWS\system32;C:\WINDOWS;C:\WINDOWS\System32\Wbem;C:\WINDOWS\System32\WindowsPowerShell\v1.0\;C:\Program Files\Intel\Intel(R) Management Engine Components\DAL;C:\Program Files\Intel\Intel(R) Management Engine Components\IPT;C:\Program Files (x86)\Intel\Intel(R) Management Engine Components\DAL;C:\Program Files (x86)\Intel\Intel(R) Management Engine Components\IPT;C:\Program Files\Intel\WiFi\bin\;C:\Program Files\Common Files\Intel\WirelessCommon\;C:\Program Files (x86)\Groovy\Groovy-2.2.2\bin;C:\Python34;C:\Program Files (x86)\CMake 2.8\bin;C:\Program Files (x86)\Lua\5.1;C:\Program Files (x86)\Lua\5.1\clibs;C:\Program Files (x86)\Haskell Platform\2013.2.0.0\mingw\bin;C:\Program Files\Microsoft SQL Server\110\Tools\Binn\;C:\Program Files (x86)\Microsoft SDKs\TypeScript\1.0\;C:\Program Files\Microsoft SQL Server\120\Tools\Binn\;C:\Program Files (x86)\GtkSharp\2.12\bin;C:\Users\Will\AppData\Roaming\cabal\bin
USERNAME=Will
OS=Windows_NT
PROCESSOR_IDENTIFIER=Intel64 Family 6 Model 60 Stepping 3, GenuineIntel



---------------  S Y S T E M  ---------------

OS: Windows 8.1 , 64 bit Build 9600 

CPU:total 8 (4 cores per cpu, 2 threads per core) family 6 model 60 stepping 3, cmov, cx8, fxsr, mmx, sse, sse2, sse3, ssse3, sse4.1, sse4.2, popcnt, avx, avx2, aes, clmul, erms, ht, tsc, tscinvbit

Memory: 4k page, physical 8333592k(4898116k free), swap 16722200k(11931604k free)

vm_info: Java HotSpot(TM) 64-Bit Server VM (25.11-b03) for windows-amd64 JRE (1.8.0_11-b12), built on Jun 16 2014 20:57:32 by "java_re" with MS VC++ 10.0 (VS2010)

time: Mon Dec 29 23:55:43 2014
elapsed time: 1 seconds

